<?xml version="1.0" encoding="UTF-8"?>
<!-- Generated by org.testng.reporters.JUnitXMLReporter -->
<testsuite hostname="DESKTOP-7KBV175" ignored="0" name="chrome-1" tests="4" failures="0" timestamp="2023-01-10T17:46:54 IST" time="0.079" errors="0">
  <testcase name="sample1" time="0.011" classname="practice_package.SampleTestNG_Test_1"/>
  <testcase name="sample2" time="0.007" classname="practice_package.SampleTestNG_Test_1"/>
  <testcase name="sample3" time="0.002" classname="practice_package.SampleTestNG_Test_2"/>
  <testcase name="sample4" time="0.002" classname="practice_package.SampleTestNG_Test_2"/>
</testsuite> <!-- chrome-1 -->
