<?xml version="1.0" encoding="UTF-8"?>
<!-- Generated by org.testng.reporters.JUnitXMLReporter -->
<testsuite hostname="DESKTOP-7KBV175" ignored="2" name="chrome1" tests="2" failures="0" timestamp="2023-01-11T12:45:01 IST" time="19.293" errors="0">
  <testcase name="openAcc" time="5.985" classname="openacc.OpenAcc_UsingPom_Test"/>
  <testcase name="approvePending" time="3.021" classname="approvepending.ApprovePending_Using_POM_Test"/>
  <testcase name="@BeforeSuite connectDB" time="0.0" classname="com.onlinebanking.genericutilities.BaseClass">
    <ignored/>
  </testcase> <!-- @BeforeSuite connectDB -->
  <testcase name="@AfterSuite closeDBConnection" time="0.0" classname="com.onlinebanking.genericutilities.BaseClass">
    <ignored/>
  </testcase> <!-- @AfterSuite closeDBConnection -->
</testsuite> <!-- chrome1 -->
