<?xml version="1.0" encoding="UTF-8"?>
<!-- Generated by org.testng.reporters.JUnitXMLReporter -->
<testsuite hostname="DESKTOP-7KBV175" ignored="0" name="chrome-2" tests="4" failures="0" timestamp="2023-01-10T17:46:54 IST" time="0.079" errors="0">
  <testcase name="sample5" time="0.01" classname="practice_package.SampleTestNG_Test_3"/>
  <testcase name="sample6" time="0.002" classname="practice_package.SampleTestNG_Test_3"/>
  <testcase name="sample6" time="0.005" classname="practice_package.SampleTestNG_Test_4"/>
  <testcase name="sample7" time="0.002" classname="practice_package.SampleTestNG_Test_4"/>
</testsuite> <!-- chrome-2 -->
